#
# There is insufficient memory for the Java Runtime Environment to continue.
# Native memory allocation (mmap) failed to map 266338304 bytes for G1 virtual space
# Possible reasons:
#   The system is out of physical RAM or swap space
#   The process is running with CompressedOops enabled, and the Java Heap may be blocking the growth of the native heap
# Possible solutions:
#   Reduce memory load on the system
#   Increase physical memory or swap space
#   Check if swap backing store is full
#   Decrease Java heap size (-Xmx/-Xms)
#   Decrease number of Java threads
#   Decrease Java thread stack sizes (-Xss)
#   Set larger code cache with -XX:ReservedCodeCacheSize=
#   JVM is running with Zero Based Compressed Oops mode in which the Java heap is
#     placed in the first 32GB address space. The Java Heap base address is the
#     maximum limit for the native heap growth. Please use -XX:HeapBaseMinAddress
#     to set the Java Heap base and to place the Java Heap above 32GB virtual address.
# This output file may be truncated or incomplete.
#
#  Out of Memory Error (os_windows.cpp:3825), pid=21864, tid=20684
#
# JRE version:  (17.0.9+7) (build )
# Java VM: OpenJDK 64-Bit Server VM (17.0.9+7-b1087.11, mixed mode, sharing, tiered, compressed oops, compressed class ptrs, g1 gc, windows-amd64)
# No core dump will be written. Minidumps are not enabled by default on client versions of Windows
#

---------------  S U M M A R Y ------------

Command Line: git4idea.http.GitAskPassApp Username for 'https://github.com': 

Host: Intel(R) Core(TM) i5-9300H CPU @ 2.40GHz, 8 cores, 15G,  Windows 11 , 64 bit Build 23620 (10.0.23620.1000)
Time: Sun Jan 28 22:49:19 2024 Eastern Standard Time elapsed time: 0.016254 seconds (0d 0h 0m 0s)

---------------  T H R E A D  ---------------

Current thread (0x00000184d9ba7370):  JavaThread "Unknown thread" [_thread_in_vm, id=20684, stack(0x0000000539400000,0x0000000539500000)]

Stack: [0x0000000539400000,0x0000000539500000]
Native frames: (J=compiled Java code, j=interpreted, Vv=VM code, C=native code)
V  [jvm.dll+0x688349]
V  [jvm.dll+0x841bfa]
V  [jvm.dll+0x84383e]
V  [jvm.dll+0x843ea3]
V  [jvm.dll+0x24bdef]
V  [jvm.dll+0x6850f9]
V  [jvm.dll+0x67988a]
V  [jvm.dll+0x30cbfb]
V  [jvm.dll+0x3140a6]
V  [jvm.dll+0x363ede]
V  [jvm.dll+0x36410f]
V  [jvm.dll+0x2e29c8]
V  [jvm.dll+0x2e3934]
V  [jvm.dll+0x812771]
V  [jvm.dll+0x371d41]
V  [jvm.dll+0x7f12bc]
V  [jvm.dll+0x3f59cf]
V  [jvm.dll+0x3f7601]
C  [jli.dll+0x528f]
C  [ucrtbase.dll+0x29363]
C  [KERNEL32.DLL+0x1257d]
C  [ntdll.dll+0x5aa58]


---------------  P R O C E S S  ---------------

Threads class SMR info:
_java_thread_list=0x00007ffdb17edf18, length=0, elements={
}

Java Threads: ( => current thread )

Other Threads:
  0x00000184d9c12170 GCTaskThread "GC Thread#0" [stack: 0x0000000539500000,0x0000000539600000] [id=37640]
  0x00000184d9c22e80 ConcurrentGCThread "G1 Main Marker" [stack: 0x0000000539600000,0x0000000539700000] [id=29228]
  0x00000184d9c25050 ConcurrentGCThread "G1 Conc#0" [stack: 0x0000000539700000,0x0000000539800000] [id=35488]

[error occurred during error reporting (printing all threads), id 0xc0000005, EXCEPTION_ACCESS_VIOLATION (0xc0000005) at pc=0x00007ffdb0fa3597]

VM state: not at safepoint (not fully initialized)

VM Mutex/Monitor currently owned by a thread:  ([mutex/lock_event])
[0x00000184d9ba1b40] Heap_lock - owner thread: 0x00000184d9ba7370

Heap address: 0x0000000702400000, size: 4060 MB, Compressed Oops mode: Zero based, Oop shift amount: 3

CDS archive(s) mapped at: [0x0000000000000000-0x0000000000000000-0x0000000000000000), size 0, SharedBaseAddress: 0x0000000800000000, ArchiveRelocationMode: 1.
Narrow klass base: 0x0000000000000000, Narrow klass shift: 0, Narrow klass range: 0x0

GC Precious Log:
<Empty>

Heap:
 garbage-first heap   total 0K, used 0K [0x0000000702400000, 0x0000000800000000)
  region size 2048K, 0 young (0K), 0 survivors (0K)
 Metaspace       used 0K, committed 0K, reserved 0K
  class space    used 0K, committed 0K, reserved 0K

Heap Regions: E=young(eden), S=young(survivor), O=old, HS=humongous(starts), HC=humongous(continues), CS=collection set, F=free, OA=open archive, CA=closed archive, TAMS=top-at-mark-start (previous, next)

Card table byte_map: [0x00000184ece40000,0x00000184ed630000] _byte_map_base: 0x00000184e962e000

Marking Bits (Prev, Next): (CMBitMap*) 0x00000184d9c12790, (CMBitMap*) 0x00000184d9c127d0
 Prev Bits: [0x00000184ede20000, 0x00000184f1d90000)
 Next Bits: [0x00000184f1d90000, 0x00000184f5d00000)

GC Heap History (0 events):
No events

Dll operation events (1 events):
Event: 0.010 Loaded shared library C:\Program Files\JetBrains\IntelliJ IDEA 2022.1\jbr\bin\java.dll

Deoptimization events (0 events):
No events

Classes unloaded (0 events):
No events

Classes redefined (0 events):
No events

Internal exceptions (0 events):
No events

VM Operations (0 events):
No events

Events (0 events):
No events


Dynamic libraries:
0x00007ff7aabc0000 - 0x00007ff7aabca000 	C:\Program Files\JetBrains\IntelliJ IDEA 2022.1\jbr\bin\java.exe
0x00007ffe2d550000 - 0x00007ffe2d767000 	C:\WINDOWS\SYSTEM32\ntdll.dll
0x00007ffe2b590000 - 0x00007ffe2b654000 	C:\WINDOWS\System32\KERNEL32.DLL
0x00007ffe2a880000 - 0x00007ffe2ac27000 	C:\WINDOWS\System32\KERNELBASE.dll
0x00007ffe2b080000 - 0x00007ffe2b191000 	C:\WINDOWS\System32\ucrtbase.dll
0x00007ffe25770000 - 0x00007ffe25787000 	C:\Program Files\JetBrains\IntelliJ IDEA 2022.1\jbr\bin\jli.dll
0x00007ffdfe2d0000 - 0x00007ffdfe2eb000 	C:\Program Files\JetBrains\IntelliJ IDEA 2022.1\jbr\bin\VCRUNTIME140.dll
0x00007ffe2d0e0000 - 0x00007ffe2d28d000 	C:\WINDOWS\System32\USER32.dll
0x00007ffe166f0000 - 0x00007ffe16983000 	C:\WINDOWS\WinSxS\amd64_microsoft.windows.common-controls_6595b64144ccf1df_6.0.23620.1000_none_eeb29d76f9356536\COMCTL32.dll
0x00007ffe2af30000 - 0x00007ffe2af56000 	C:\WINDOWS\System32\win32u.dll
0x00007ffe2cc40000 - 0x00007ffe2cce7000 	C:\WINDOWS\System32\msvcrt.dll
0x00007ffe2d4a0000 - 0x00007ffe2d4c9000 	C:\WINDOWS\System32\GDI32.dll
0x00007ffe2af60000 - 0x00007ffe2b078000 	C:\WINDOWS\System32\gdi32full.dll
0x00007ffe2ada0000 - 0x00007ffe2ae3a000 	C:\WINDOWS\System32\msvcp_win.dll
0x00007ffe2b920000 - 0x00007ffe2b951000 	C:\WINDOWS\System32\IMM32.DLL
0x00007ffe23980000 - 0x00007ffe2398c000 	C:\Program Files\JetBrains\IntelliJ IDEA 2022.1\jbr\bin\vcruntime140_1.dll
0x00007ffdeb4f0000 - 0x00007ffdeb57d000 	C:\Program Files\JetBrains\IntelliJ IDEA 2022.1\jbr\bin\msvcp140.dll
0x00007ffdb0cb0000 - 0x00007ffdb1932000 	C:\Program Files\JetBrains\IntelliJ IDEA 2022.1\jbr\bin\server\jvm.dll
0x00007ffe2b4b0000 - 0x00007ffe2b561000 	C:\WINDOWS\System32\ADVAPI32.dll
0x00007ffe2d290000 - 0x00007ffe2d335000 	C:\WINDOWS\System32\sechost.dll
0x00007ffe2b260000 - 0x00007ffe2b377000 	C:\WINDOWS\System32\RPCRT4.dll
0x00007ffe08460000 - 0x00007ffe08494000 	C:\WINDOWS\SYSTEM32\WINMM.dll
0x00007ffe2a0c0000 - 0x00007ffe2a10d000 	C:\WINDOWS\SYSTEM32\POWRPROF.dll
0x00007ffe27010000 - 0x00007ffe27019000 	C:\WINDOWS\SYSTEM32\WSOCK32.dll
0x00007ffe23ea0000 - 0x00007ffe23eaa000 	C:\WINDOWS\SYSTEM32\VERSION.dll
0x00007ffe2b6c0000 - 0x00007ffe2b731000 	C:\WINDOWS\System32\WS2_32.dll
0x00007ffe2a0a0000 - 0x00007ffe2a0b3000 	C:\WINDOWS\SYSTEM32\UMPDC.dll
0x00007ffe29840000 - 0x00007ffe29858000 	C:\WINDOWS\SYSTEM32\kernel.appcore.dll
0x00007ffe27050000 - 0x00007ffe2705a000 	C:\Program Files\JetBrains\IntelliJ IDEA 2022.1\jbr\bin\jimage.dll
0x00007ffe28120000 - 0x00007ffe28353000 	C:\WINDOWS\SYSTEM32\DBGHELP.DLL
0x00007ffe2b960000 - 0x00007ffe2bce9000 	C:\WINDOWS\System32\combase.dll
0x00007ffe2b840000 - 0x00007ffe2b917000 	C:\WINDOWS\System32\OLEAUT32.dll
0x00007ffe1ee70000 - 0x00007ffe1eea2000 	C:\WINDOWS\SYSTEM32\dbgcore.DLL
0x00007ffe2aeb0000 - 0x00007ffe2af2a000 	C:\WINDOWS\System32\bcryptPrimitives.dll
0x00007ffe26b10000 - 0x00007ffe26b35000 	C:\Program Files\JetBrains\IntelliJ IDEA 2022.1\jbr\bin\java.dll

dbghelp: loaded successfully - version: 4.0.5 - missing functions: none
symbol engine: initialized successfully - sym options: 0x614 - pdb path: .;C:\Program Files\JetBrains\IntelliJ IDEA 2022.1\jbr\bin;C:\WINDOWS\SYSTEM32;C:\WINDOWS\WinSxS\amd64_microsoft.windows.common-controls_6595b64144ccf1df_6.0.23620.1000_none_eeb29d76f9356536;C:\Program Files\JetBrains\IntelliJ IDEA 2022.1\jbr\bin\server

VM Arguments:
java_command: git4idea.http.GitAskPassApp Username for 'https://github.com': 
java_class_path (initial): C:/Program Files/JetBrains/IntelliJ IDEA 2022.1/plugins/vcs-git/lib/git4idea-rt.jar;C:/Program Files/JetBrains/IntelliJ IDEA 2022.1/lib/externalProcess-rt.jar
Launcher Type: SUN_STANDARD

[Global flags]
     intx CICompilerCount                          = 4                                         {product} {ergonomic}
     uint ConcGCThreads                            = 2                                         {product} {ergonomic}
     uint G1ConcRefinementThreads                  = 8                                         {product} {ergonomic}
   size_t G1HeapRegionSize                         = 2097152                                   {product} {ergonomic}
    uintx GCDrainStackTargetSize                   = 64                                        {product} {ergonomic}
   size_t InitialHeapSize                          = 266338304                                 {product} {ergonomic}
   size_t MarkStackSize                            = 4194304                                   {product} {ergonomic}
   size_t MaxHeapSize                              = 4257218560                                {product} {ergonomic}
   size_t MinHeapDeltaBytes                        = 2097152                                   {product} {ergonomic}
   size_t MinHeapSize                              = 8388608                                   {product} {ergonomic}
    uintx NonNMethodCodeHeapSize                   = 5839372                                {pd product} {ergonomic}
    uintx NonProfiledCodeHeapSize                  = 122909434                              {pd product} {ergonomic}
    uintx ProfiledCodeHeapSize                     = 122909434                              {pd product} {ergonomic}
    uintx ReservedCodeCacheSize                    = 251658240                              {pd product} {ergonomic}
     bool SegmentedCodeCache                       = true                                      {product} {ergonomic}
   size_t SoftMaxHeapSize                          = 4257218560                             {manageable} {ergonomic}
     bool UseCompressedClassPointers               = true                           {product lp64_product} {ergonomic}
     bool UseCompressedOops                        = true                           {product lp64_product} {ergonomic}
     bool UseG1GC                                  = true                                      {product} {ergonomic}
     bool UseLargePagesIndividualAllocation        = false                                  {pd product} {ergonomic}

Logging:
Log output configuration:
 #0: stdout all=warning uptime,level,tags
 #1: stderr all=off uptime,level,tags

Environment Variables:
PATH=C:\Program Files\Git\mingw64\libexec\git-core;C:\Program Files\Git\mingw64\libexec\git-core;C:\Program Files\Git\mingw64\bin;C:\Program Files\Git\usr\bin;C:\Users\vijay\bin;V:\Work\Python100Days\MagicNeutron\Scripts;C:\WINDOWS\system32;C:\WINDOWS;C:\WINDOWS\System32\Wbem;C:\WINDOWS\System32\WindowsPowerShell\v1.0;C:\WINDOWS\System32\OpenSSH;C:\Program Files\dotnet;C:\Program Files (x86)\dotnet;C:\Program Files\Microsoft SQL Server\Client SDK\ODBC\170\Tools\Binn;C:\Program Files (x86)\Microsoft SQL Server\150\Tools\Binn;C:\Program Files\Microsoft SQL Server\150\Tools\Binn;C:\Program Files\Microsoft SQL Server\150\DTS\Binn;C:\Program Files\Azure Data Studio\bin;C:\Program Files (x86)\Microsoft SQL Server\160\DTS\Binn;C:\Program Files\Pandoc;C:\Program Files\Git\cmd;C:\Users\vijay\AppData\Local\Programs\Python\Python310\Scripts;C:\Users\vijay\AppData\Local\Programs\Python\Python310;C:\Users\vijay\AppData\Local\Microsoft\WindowsApps;C:\Program Files\JetBrains\IntelliJ IDEA 2022.1\bin;C:\Program Files\Azure Data Studio\bin;C:\Users\vijay\AppData\Local\Programs\MiKTeX\miktex\bin\x64;C:\Users\vijay\AppData\Local\Programs\Microsoft VS Code\bin
USERNAME=vijay
DISPLAY=:0.0
LC_ALL=en_US.UTF-8
TERM=xterm-256color
TMPDIR=C:\Users\vijay\AppData\Local\Temp
OS=Windows_NT
PROCESSOR_IDENTIFIER=Intel64 Family 6 Model 158 Stepping 13, GenuineIntel
TMP=C:\Users\vijay\AppData\Local\Temp
TEMP=C:\Users\vijay\AppData\Local\Temp



Periodic native trim disabled

JNI global refs:
JNI global refs: 0, weak refs: 0

JNI global refs memory usage: 0, weak refs: 0

OOME stack traces (most recent first):
Classloader memory used:


---------------  S Y S T E M  ---------------

OS:
 Windows 11 , 64 bit Build 23620 (10.0.23620.1000)
OS uptime: 3 days 5:52 hours
Hyper-V role detected

CPU: total 8 (initial active 8) (4 cores per cpu, 2 threads per core) family 6 model 158 stepping 13 microcode 0xf0, cx8, cmov, fxsr, ht, mmx, 3dnowpref, sse, sse2, sse3, ssse3, sse4.1, sse4.2, popcnt, lzcnt, tsc, tscinvbit, avx, avx2, aes, erms, clmul, bmi1, bmi2, adx, fma, vzeroupper, clflush, clflushopt, hv
Processor Information for all 8 processors :
  Max Mhz: 2400, Current Mhz: 2400, Mhz Limit: 2400

Memory: 4k page, system-wide physical 16236M (5571M free)
TotalPageFile size 65388M (AvailPageFile size 135M)
current process WorkingSet (physical memory assigned to process): 11M, peak: 11M
current process commit charge ("private bytes"): 60M, peak: 314M

vm_info: OpenJDK 64-Bit Server VM (17.0.9+7-b1087.11) for windows-amd64 JRE (17.0.9+7-b1087.11), built on 2024-01-05 by "builduser" with MS VC++ 16.10 / 16.11 (VS2019)

END.
