#
# There is insufficient memory for the Java Runtime Environment to continue.
# Native memory allocation (mmap) failed to map 65536 bytes for Failed to commit metaspace.
# Possible reasons:
#   The system is out of physical RAM or swap space
#   The process is running with CompressedOops enabled, and the Java Heap may be blocking the growth of the native heap
# Possible solutions:
#   Reduce memory load on the system
#   Increase physical memory or swap space
#   Check if swap backing store is full
#   Decrease Java heap size (-Xmx/-Xms)
#   Decrease number of Java threads
#   Decrease Java thread stack sizes (-Xss)
#   Set larger code cache with -XX:ReservedCodeCacheSize=
#   JVM is running with Zero Based Compressed Oops mode in which the Java heap is
#     placed in the first 32GB address space. The Java Heap base address is the
#     maximum limit for the native heap growth. Please use -XX:HeapBaseMinAddress
#     to set the Java Heap base and to place the Java Heap above 32GB virtual address.
# This output file may be truncated or incomplete.
#
#  Out of Memory Error (virtualSpaceNode.cpp:110), pid=8328, tid=21760
#
# JRE version: OpenJDK Runtime Environment JBR-17.0.9+7-1087.11-jcef (17.0.9+7) (build 17.0.9+7-b1087.11)
# Java VM: OpenJDK 64-Bit Server VM JBR-17.0.9+7-1087.11-jcef (17.0.9+7-b1087.11, mixed mode, tiered, compressed oops, compressed class ptrs, g1 gc, windows-amd64)
# No core dump will be written. Minidumps are not enabled by default on client versions of Windows
#

---------------  S U M M A R Y ------------

Command Line: git4idea.http.GitAskPassApp Username for 'https://github.com': 

Host: Intel(R) Core(TM) i5-9300H CPU @ 2.40GHz, 8 cores, 15G,  Windows 11 , 64 bit Build 23620 (10.0.23620.1000)
Time: Sun Jan 28 22:40:55 2024 Eastern Standard Time elapsed time: 0.199613 seconds (0d 0h 0m 0s)

---------------  T H R E A D  ---------------

Current thread (0x000001eadb0b7940):  JavaThread "main" [_thread_in_vm, id=21760, stack(0x0000003577e00000,0x0000003577f00000)]

Stack: [0x0000003577e00000,0x0000003577f00000]
Native frames: (J=compiled Java code, j=interpreted, Vv=VM code, C=native code)
V  [jvm.dll+0x688349]
V  [jvm.dll+0x841bfa]
V  [jvm.dll+0x84383e]
V  [jvm.dll+0x843ea3]
V  [jvm.dll+0x24bdef]
V  [jvm.dll+0x83cbdb]
V  [jvm.dll+0x62c746]
V  [jvm.dll+0x62c7aa]
V  [jvm.dll+0x62efda]
V  [jvm.dll+0x62d0e6]
V  [jvm.dll+0x23faaf]
V  [jvm.dll+0x636f95]
V  [jvm.dll+0x1ef0cb]
V  [jvm.dll+0x1ef605]
V  [jvm.dll+0x1effa5]
V  [jvm.dll+0x1e543c]
V  [jvm.dll+0x54de4c]
V  [jvm.dll+0x1f5feb]
V  [jvm.dll+0x7ba30b]
V  [jvm.dll+0x7bb77c]
V  [jvm.dll+0x7bbac8]
V  [jvm.dll+0x24384e]
V  [jvm.dll+0x243a9f]
V  [jvm.dll+0x56c063]
V  [jvm.dll+0x56e594]
V  [jvm.dll+0x38bb5b]
V  [jvm.dll+0x38b612]
C  0x000001eae5d689bf

The last pc belongs to getstatic (printed below).
Java frames: (J=compiled Java code, j=interpreted, Vv=VM code)
j  sun.security.ssl.CipherSuite.<clinit>()V+18 java.base@17.0.9
v  ~StubRoutines::call_stub
j  sun.security.ssl.SSLContextImpl.getApplicableSupportedCipherSuites(Ljava/util/List;)Ljava/util/List;+0 java.base@17.0.9
j  sun.security.ssl.SSLContextImpl$AbstractTLSContext.<clinit>()V+84 java.base@17.0.9
v  ~StubRoutines::call_stub
j  java.lang.Class.forName0(Ljava/lang/String;ZLjava/lang/ClassLoader;Ljava/lang/Class;)Ljava/lang/Class;+0 java.base@17.0.9
j  java.lang.Class.forName(Ljava/lang/String;)Ljava/lang/Class;+11 java.base@17.0.9
j  java.security.Provider$Service.getImplClass()Ljava/lang/Class;+64 java.base@17.0.9
j  java.security.Provider$Service.getDefaultConstructor()Ljava/lang/reflect/Constructor;+46 java.base@17.0.9
j  java.security.Provider$Service.newInstanceOf()Ljava/lang/Object;+1 java.base@17.0.9
j  java.security.Provider$Service.newInstanceUtil(Ljava/lang/Class;Ljava/lang/Object;)Ljava/lang/Object;+5 java.base@17.0.9
j  java.security.Provider$Service.newInstance(Ljava/lang/Object;)Ljava/lang/Object;+227 java.base@17.0.9
j  sun.security.jca.GetInstance.getInstance(Ljava/security/Provider$Service;Ljava/lang/Class;)Lsun/security/jca/GetInstance$Instance;+2 java.base@17.0.9
j  sun.security.jca.GetInstance.getInstance(Ljava/lang/String;Ljava/lang/Class;Ljava/lang/String;)Lsun/security/jca/GetInstance$Instance;+56 java.base@17.0.9
j  javax.net.ssl.SSLContext.getInstance(Ljava/lang/String;)Ljavax/net/ssl/SSLContext;+12 java.base@17.0.9
j  externalApp.ExternalAppUtil.sendIdeRequest(Ljava/lang/String;ILjava/lang/String;Ljava/lang/String;)LexternalApp/ExternalAppUtil$Result;+34
j  git4idea.http.GitAskPassApp.main([Ljava/lang/String;)V+37
v  ~StubRoutines::call_stub
getstatic  178 getstatic  [0x000001eae5d68920, 0x000001eae5d68b20]  512 bytes
[MachCode]
  0x000001eae5d68920: 4883 ec08 | c5fa 1104 | 24eb 1f48 | 83ec 10c5 | fb11 0424 | eb14 4883 | ec10 4889 | 0424 48c7 
  0x000001eae5d68940: 4424 0800 | 0000 00eb | 0150 410f | b755 0148 | 8b4d d0c1 | e202 8b5c | d120 c1eb | 1081 e3ff 
  0x000001eae5d68960: 0000 0081 | fbb2 0000 | 000f 84b6 | 0000 00bb | b200 0000 | e805 0000 | 00e9 9b00 | 0000 488b 
  0x000001eae5d68980: d348 8d44 | 2408 4c89 | 6dc0 498b | cfc5 f877 | 4989 afa8 | 0200 0049 | 8987 9802 | 0000 4883 
  0x000001eae5d689a0: ec20 f7c4 | 0f00 0000 | 0f84 1a00 | 0000 4883 | ec08 49ba | b0b5 03b1 | fd7f 0000 | 41ff d248 
  0x000001eae5d689c0: 83c4 08e9 | 0d00 0000 | 49ba b0b5 | 03b1 fd7f | 0000 41ff | d248 83c4 | 2049 c787 | 9802 0000 
  0x000001eae5d689e0: 0000 0000 | 49c7 87a8 | 0200 0000 | 0000 0049 | c787 a002 | 0000 0000 | 0000 c5f8 | 7749 817f 
  0x000001eae5d68a00: 0800 0000 | 000f 8405 | 0000 00e9 | f084 feff | 4c8b 6dc0 | 4c8b 75c8 | c341 0fb7 | 5501 488b 
  0x000001eae5d68a20: 4dd0 c1e2 | 0248 8b5c | d130 8b44 | d138 4c8b | 4cd1 284d | 8b49 704d | 8b09 c1e8 | 1c83 e00f 
  0x000001eae5d68a40: 0f85 0b00 | 0000 410f | be04 1950 | e9b5 0000 | 0083 f801 | 0f85 0b00 | 0000 410f | b604 1950 
  0x000001eae5d68a60: e9a1 0000 | 0083 f808 | 0f85 0e00 | 0000 418b | 0419 48c1 | e003 50e9 | 8a00 0000 | 83f8 040f 
  0x000001eae5d68a80: 850a 0000 | 0041 8b04 | 1950 e977 | 0000 0083 | f802 0f85 | 0b00 0000 | 410f b704 | 1950 e963 
  0x000001eae5d68aa0: 0000 0083 | f803 0f85 | 0b00 0000 | 410f bf04 | 1950 e94f | 0000 0083 | f805 0f85 | 1a00 0000 
  0x000001eae5d68ac0: 498b 0419 | 4883 ec10 | 4889 0424 | 48c7 4424 | 0800 0000 | 00e9 2c00 | 0000 83f8 | 060f 8514 
  0x000001eae5d68ae0: 0000 00c4 | c17a 1004 | 1948 83ec | 08c5 fa11 | 0424 e90f | 0000 00c4 | c17b 1004 | 1948 83ec 
  0x000001eae5d68b00: 10c5 fb11 | 0424 410f | b65d 0349 | 83c5 0349 | ba40 9786 | b1fd 7f00 | 0041 ff24 | da66 6690 
[/MachCode]

---------------  P R O C E S S  ---------------

Threads class SMR info:
_java_thread_list=0x000001eafe257180, length=12, elements={
0x000001eadb0b7940, 0x000001eafe05e030, 0x000001eafe05eb60, 0x000001eafe0bc550,
0x000001eafe0bcf10, 0x000001eafe0bd8d0, 0x000001eafe0be290, 0x000001eafe0c4540,
0x000001eafe0c8c20, 0x000001eafe0d1240, 0x000001eafe2756b0, 0x000001eafe2a2db0
}

Java Threads: ( => current thread )
=>0x000001eadb0b7940 JavaThread "main" [_thread_in_vm, id=21760, stack(0x0000003577e00000,0x0000003577f00000)]
  0x000001eafe05e030 JavaThread "Reference Handler" daemon [_thread_blocked, id=36112, stack(0x0000003578500000,0x0000003578600000)]
  0x000001eafe05eb60 JavaThread "Finalizer" daemon [_thread_blocked, id=26152, stack(0x0000003578600000,0x0000003578700000)]
  0x000001eafe0bc550 JavaThread "Signal Dispatcher" daemon [_thread_blocked, id=27880, stack(0x0000003578700000,0x0000003578800000)]
  0x000001eafe0bcf10 JavaThread "Attach Listener" daemon [_thread_blocked, id=28936, stack(0x0000003578800000,0x0000003578900000)]
  0x000001eafe0bd8d0 JavaThread "Service Thread" daemon [_thread_blocked, id=33436, stack(0x0000003578900000,0x0000003578a00000)]
  0x000001eafe0be290 JavaThread "Monitor Deflation Thread" daemon [_thread_blocked, id=30044, stack(0x0000003578a00000,0x0000003578b00000)]
  0x000001eafe0c4540 JavaThread "C2 CompilerThread0" daemon [_thread_blocked, id=33640, stack(0x0000003578b00000,0x0000003578c00000)]
  0x000001eafe0c8c20 JavaThread "C1 CompilerThread0" daemon [_thread_blocked, id=34460, stack(0x0000003578c00000,0x0000003578d00000)]
  0x000001eafe0d1240 JavaThread "Sweeper thread" daemon [_thread_blocked, id=30176, stack(0x0000003578d00000,0x0000003578e00000)]
  0x000001eafe2756b0 JavaThread "Notification Thread" daemon [_thread_blocked, id=33000, stack(0x0000003578e00000,0x0000003578f00000)]
  0x000001eafe2a2db0 JavaThread "Common-Cleaner" daemon [_thread_blocked, id=25732, stack(0x0000003579000000,0x0000003579100000)]

Other Threads:
  0x000001eaf9c8cf50 VMThread "VM Thread" [stack: 0x0000003578400000,0x0000003578500000] [id=31400]
  0x000001eafe1eab00 WatcherThread [stack: 0x0000003578f00000,0x0000003579000000] [id=31872]
  0x000001eadb1241a0 GCTaskThread "GC Thread#0" [stack: 0x0000003577f00000,0x0000003578000000] [id=34304]
  0x000001eadb134eb0 ConcurrentGCThread "G1 Main Marker" [stack: 0x0000003578000000,0x0000003578100000] [id=35160]
  0x000001eadb137080 ConcurrentGCThread "G1 Conc#0" [stack: 0x0000003578100000,0x0000003578200000] [id=33380]
  0x000001eaf9b3d610 ConcurrentGCThread "G1 Refine#0" [stack: 0x0000003578200000,0x0000003578300000] [id=25504]
  0x000001eaf9b3df50 ConcurrentGCThread "G1 Service" [stack: 0x0000003578300000,0x0000003578400000] [id=24544]

Threads with active compile tasks:

VM state: not at safepoint (normal execution)

VM Mutex/Monitor currently owned by a thread:  ([mutex/lock_event])
[0x000001eadb0b2a10] Metaspace_lock - owner thread: 0x000001eadb0b7940

Heap address: 0x0000000702400000, size: 4060 MB, Compressed Oops mode: Zero based, Oop shift amount: 3

CDS archive(s) not mapped
Compressed class space mapped at: 0x0000000800000000-0x0000000840000000, reserved size: 1073741824
Narrow klass base: 0x0000000800000000, Narrow klass shift: 0, Narrow klass range: 0x40000000

GC Precious Log:
 CPUs: 8 total, 8 available
 Memory: 16236M
 Large Page Support: Disabled
 NUMA Support: Disabled
 Compressed Oops: Enabled (Zero based)
 Heap Region Size: 2M
 Heap Min Capacity: 8M
 Heap Initial Capacity: 254M
 Heap Max Capacity: 4060M
 Pre-touch: Disabled
 Parallel Workers: 8
 Concurrent Workers: 2
 Concurrent Refinement Workers: 8
 Periodic GC: Disabled

Heap:
 garbage-first heap   total 260096K, used 2048K [0x0000000702400000, 0x0000000800000000)
  region size 2048K, 2 young (4096K), 0 survivors (0K)
 Metaspace       used 7984K, committed 8128K, reserved 1114112K
  class space    used 695K, committed 768K, reserved 1048576K

Heap Regions: E=young(eden), S=young(survivor), O=old, HS=humongous(starts), HC=humongous(continues), CS=collection set, F=free, OA=open archive, CA=closed archive, TAMS=top-at-mark-start (previous, next)
|   0|0x0000000702400000, 0x0000000702400000, 0x0000000702600000|  0%| F|  |TAMS 0x0000000702400000, 0x0000000702400000| Untracked 
|   1|0x0000000702600000, 0x0000000702600000, 0x0000000702800000|  0%| F|  |TAMS 0x0000000702600000, 0x0000000702600000| Untracked 
|   2|0x0000000702800000, 0x0000000702800000, 0x0000000702a00000|  0%| F|  |TAMS 0x0000000702800000, 0x0000000702800000| Untracked 
|   3|0x0000000702a00000, 0x0000000702a00000, 0x0000000702c00000|  0%| F|  |TAMS 0x0000000702a00000, 0x0000000702a00000| Untracked 
|   4|0x0000000702c00000, 0x0000000702c00000, 0x0000000702e00000|  0%| F|  |TAMS 0x0000000702c00000, 0x0000000702c00000| Untracked 
|   5|0x0000000702e00000, 0x0000000702e00000, 0x0000000703000000|  0%| F|  |TAMS 0x0000000702e00000, 0x0000000702e00000| Untracked 
|   6|0x0000000703000000, 0x0000000703000000, 0x0000000703200000|  0%| F|  |TAMS 0x0000000703000000, 0x0000000703000000| Untracked 
|   7|0x0000000703200000, 0x0000000703200000, 0x0000000703400000|  0%| F|  |TAMS 0x0000000703200000, 0x0000000703200000| Untracked 
|   8|0x0000000703400000, 0x0000000703400000, 0x0000000703600000|  0%| F|  |TAMS 0x0000000703400000, 0x0000000703400000| Untracked 
|   9|0x0000000703600000, 0x0000000703600000, 0x0000000703800000|  0%| F|  |TAMS 0x0000000703600000, 0x0000000703600000| Untracked 
|  10|0x0000000703800000, 0x0000000703800000, 0x0000000703a00000|  0%| F|  |TAMS 0x0000000703800000, 0x0000000703800000| Untracked 
|  11|0x0000000703a00000, 0x0000000703a00000, 0x0000000703c00000|  0%| F|  |TAMS 0x0000000703a00000, 0x0000000703a00000| Untracked 
|  12|0x0000000703c00000, 0x0000000703c00000, 0x0000000703e00000|  0%| F|  |TAMS 0x0000000703c00000, 0x0000000703c00000| Untracked 
|  13|0x0000000703e00000, 0x0000000703e00000, 0x0000000704000000|  0%| F|  |TAMS 0x0000000703e00000, 0x0000000703e00000| Untracked 
|  14|0x0000000704000000, 0x0000000704000000, 0x0000000704200000|  0%| F|  |TAMS 0x0000000704000000, 0x0000000704000000| Untracked 
|  15|0x0000000704200000, 0x0000000704200000, 0x0000000704400000|  0%| F|  |TAMS 0x0000000704200000, 0x0000000704200000| Untracked 
|  16|0x0000000704400000, 0x0000000704400000, 0x0000000704600000|  0%| F|  |TAMS 0x0000000704400000, 0x0000000704400000| Untracked 
|  17|0x0000000704600000, 0x0000000704600000, 0x0000000704800000|  0%| F|  |TAMS 0x0000000704600000, 0x0000000704600000| Untracked 
|  18|0x0000000704800000, 0x0000000704800000, 0x0000000704a00000|  0%| F|  |TAMS 0x0000000704800000, 0x0000000704800000| Untracked 
|  19|0x0000000704a00000, 0x0000000704a00000, 0x0000000704c00000|  0%| F|  |TAMS 0x0000000704a00000, 0x0000000704a00000| Untracked 
|  20|0x0000000704c00000, 0x0000000704c00000, 0x0000000704e00000|  0%| F|  |TAMS 0x0000000704c00000, 0x0000000704c00000| Untracked 
|  21|0x0000000704e00000, 0x0000000704e00000, 0x0000000705000000|  0%| F|  |TAMS 0x0000000704e00000, 0x0000000704e00000| Untracked 
|  22|0x0000000705000000, 0x0000000705000000, 0x0000000705200000|  0%| F|  |TAMS 0x0000000705000000, 0x0000000705000000| Untracked 
|  23|0x0000000705200000, 0x0000000705200000, 0x0000000705400000|  0%| F|  |TAMS 0x0000000705200000, 0x0000000705200000| Untracked 
|  24|0x0000000705400000, 0x0000000705400000, 0x0000000705600000|  0%| F|  |TAMS 0x0000000705400000, 0x0000000705400000| Untracked 
|  25|0x0000000705600000, 0x0000000705600000, 0x0000000705800000|  0%| F|  |TAMS 0x0000000705600000, 0x0000000705600000| Untracked 
|  26|0x0000000705800000, 0x0000000705800000, 0x0000000705a00000|  0%| F|  |TAMS 0x0000000705800000, 0x0000000705800000| Untracked 
|  27|0x0000000705a00000, 0x0000000705a00000, 0x0000000705c00000|  0%| F|  |TAMS 0x0000000705a00000, 0x0000000705a00000| Untracked 
|  28|0x0000000705c00000, 0x0000000705c00000, 0x0000000705e00000|  0%| F|  |TAMS 0x0000000705c00000, 0x0000000705c00000| Untracked 
|  29|0x0000000705e00000, 0x0000000705e00000, 0x0000000706000000|  0%| F|  |TAMS 0x0000000705e00000, 0x0000000705e00000| Untracked 
|  30|0x0000000706000000, 0x0000000706000000, 0x0000000706200000|  0%| F|  |TAMS 0x0000000706000000, 0x0000000706000000| Untracked 
|  31|0x0000000706200000, 0x0000000706200000, 0x0000000706400000|  0%| F|  |TAMS 0x0000000706200000, 0x0000000706200000| Untracked 
|  32|0x0000000706400000, 0x0000000706400000, 0x0000000706600000|  0%| F|  |TAMS 0x0000000706400000, 0x0000000706400000| Untracked 
|  33|0x0000000706600000, 0x0000000706600000, 0x0000000706800000|  0%| F|  |TAMS 0x0000000706600000, 0x0000000706600000| Untracked 
|  34|0x0000000706800000, 0x0000000706800000, 0x0000000706a00000|  0%| F|  |TAMS 0x0000000706800000, 0x0000000706800000| Untracked 
|  35|0x0000000706a00000, 0x0000000706a00000, 0x0000000706c00000|  0%| F|  |TAMS 0x0000000706a00000, 0x0000000706a00000| Untracked 
|  36|0x0000000706c00000, 0x0000000706c00000, 0x0000000706e00000|  0%| F|  |TAMS 0x0000000706c00000, 0x0000000706c00000| Untracked 
|  37|0x0000000706e00000, 0x0000000706e00000, 0x0000000707000000|  0%| F|  |TAMS 0x0000000706e00000, 0x0000000706e00000| Untracked 
|  38|0x0000000707000000, 0x0000000707000000, 0x0000000707200000|  0%| F|  |TAMS 0x0000000707000000, 0x0000000707000000| Untracked 
|  39|0x0000000707200000, 0x0000000707200000, 0x0000000707400000|  0%| F|  |TAMS 0x0000000707200000, 0x0000000707200000| Untracked 
|  40|0x0000000707400000, 0x0000000707400000, 0x0000000707600000|  0%| F|  |TAMS 0x0000000707400000, 0x0000000707400000| Untracked 
|  41|0x0000000707600000, 0x0000000707600000, 0x0000000707800000|  0%| F|  |TAMS 0x0000000707600000, 0x0000000707600000| Untracked 
|  42|0x0000000707800000, 0x0000000707800000, 0x0000000707a00000|  0%| F|  |TAMS 0x0000000707800000, 0x0000000707800000| Untracked 
|  43|0x0000000707a00000, 0x0000000707a00000, 0x0000000707c00000|  0%| F|  |TAMS 0x0000000707a00000, 0x0000000707a00000| Untracked 
|  44|0x0000000707c00000, 0x0000000707c00000, 0x0000000707e00000|  0%| F|  |TAMS 0x0000000707c00000, 0x0000000707c00000| Untracked 
|  45|0x0000000707e00000, 0x0000000707e00000, 0x0000000708000000|  0%| F|  |TAMS 0x0000000707e00000, 0x0000000707e00000| Untracked 
|  46|0x0000000708000000, 0x0000000708000000, 0x0000000708200000|  0%| F|  |TAMS 0x0000000708000000, 0x0000000708000000| Untracked 
|  47|0x0000000708200000, 0x0000000708200000, 0x0000000708400000|  0%| F|  |TAMS 0x0000000708200000, 0x0000000708200000| Untracked 
|  48|0x0000000708400000, 0x0000000708400000, 0x0000000708600000|  0%| F|  |TAMS 0x0000000708400000, 0x0000000708400000| Untracked 
|  49|0x0000000708600000, 0x0000000708600000, 0x0000000708800000|  0%| F|  |TAMS 0x0000000708600000, 0x0000000708600000| Untracked 
|  50|0x0000000708800000, 0x0000000708800000, 0x0000000708a00000|  0%| F|  |TAMS 0x0000000708800000, 0x0000000708800000| Untracked 
|  51|0x0000000708a00000, 0x0000000708a00000, 0x0000000708c00000|  0%| F|  |TAMS 0x0000000708a00000, 0x0000000708a00000| Untracked 
|  52|0x0000000708c00000, 0x0000000708c00000, 0x0000000708e00000|  0%| F|  |TAMS 0x0000000708c00000, 0x0000000708c00000| Untracked 
|  53|0x0000000708e00000, 0x0000000708e00000, 0x0000000709000000|  0%| F|  |TAMS 0x0000000708e00000, 0x0000000708e00000| Untracked 
|  54|0x0000000709000000, 0x0000000709000000, 0x0000000709200000|  0%| F|  |TAMS 0x0000000709000000, 0x0000000709000000| Untracked 
|  55|0x0000000709200000, 0x0000000709200000, 0x0000000709400000|  0%| F|  |TAMS 0x0000000709200000, 0x0000000709200000| Untracked 
|  56|0x0000000709400000, 0x0000000709400000, 0x0000000709600000|  0%| F|  |TAMS 0x0000000709400000, 0x0000000709400000| Untracked 
|  57|0x0000000709600000, 0x0000000709600000, 0x0000000709800000|  0%| F|  |TAMS 0x0000000709600000, 0x0000000709600000| Untracked 
|  58|0x0000000709800000, 0x0000000709800000, 0x0000000709a00000|  0%| F|  |TAMS 0x0000000709800000, 0x0000000709800000| Untracked 
|  59|0x0000000709a00000, 0x0000000709a00000, 0x0000000709c00000|  0%| F|  |TAMS 0x0000000709a00000, 0x0000000709a00000| Untracked 
|  60|0x0000000709c00000, 0x0000000709c00000, 0x0000000709e00000|  0%| F|  |TAMS 0x0000000709c00000, 0x0000000709c00000| Untracked 
|  61|0x0000000709e00000, 0x0000000709e00000, 0x000000070a000000|  0%| F|  |TAMS 0x0000000709e00000, 0x0000000709e00000| Untracked 
|  62|0x000000070a000000, 0x000000070a000000, 0x000000070a200000|  0%| F|  |TAMS 0x000000070a000000, 0x000000070a000000| Untracked 
|  63|0x000000070a200000, 0x000000070a200000, 0x000000070a400000|  0%| F|  |TAMS 0x000000070a200000, 0x000000070a200000| Untracked 
|  64|0x000000070a400000, 0x000000070a400000, 0x000000070a600000|  0%| F|  |TAMS 0x000000070a400000, 0x000000070a400000| Untracked 
|  65|0x000000070a600000, 0x000000070a600000, 0x000000070a800000|  0%| F|  |TAMS 0x000000070a600000, 0x000000070a600000| Untracked 
|  66|0x000000070a800000, 0x000000070a800000, 0x000000070aa00000|  0%| F|  |TAMS 0x000000070a800000, 0x000000070a800000| Untracked 
|  67|0x000000070aa00000, 0x000000070aa00000, 0x000000070ac00000|  0%| F|  |TAMS 0x000000070aa00000, 0x000000070aa00000| Untracked 
|  68|0x000000070ac00000, 0x000000070ac00000, 0x000000070ae00000|  0%| F|  |TAMS 0x000000070ac00000, 0x000000070ac00000| Untracked 
|  69|0x000000070ae00000, 0x000000070ae00000, 0x000000070b000000|  0%| F|  |TAMS 0x000000070ae00000, 0x000000070ae00000| Untracked 
|  70|0x000000070b000000, 0x000000070b000000, 0x000000070b200000|  0%| F|  |TAMS 0x000000070b000000, 0x000000070b000000| Untracked 
|  71|0x000000070b200000, 0x000000070b200000, 0x000000070b400000|  0%| F|  |TAMS 0x000000070b200000, 0x000000070b200000| Untracked 
|  72|0x000000070b400000, 0x000000070b400000, 0x000000070b600000|  0%| F|  |TAMS 0x000000070b400000, 0x000000070b400000| Untracked 
|  73|0x000000070b600000, 0x000000070b600000, 0x000000070b800000|  0%| F|  |TAMS 0x000000070b600000, 0x000000070b600000| Untracked 
|  74|0x000000070b800000, 0x000000070b800000, 0x000000070ba00000|  0%| F|  |TAMS 0x000000070b800000, 0x000000070b800000| Untracked 
|  75|0x000000070ba00000, 0x000000070ba00000, 0x000000070bc00000|  0%| F|  |TAMS 0x000000070ba00000, 0x000000070ba00000| Untracked 
|  76|0x000000070bc00000, 0x000000070bc00000, 0x000000070be00000|  0%| F|  |TAMS 0x000000070bc00000, 0x000000070bc00000| Untracked 
|  77|0x000000070be00000, 0x000000070be00000, 0x000000070c000000|  0%| F|  |TAMS 0x000000070be00000, 0x000000070be00000| Untracked 
|  78|0x000000070c000000, 0x000000070c000000, 0x000000070c200000|  0%| F|  |TAMS 0x000000070c000000, 0x000000070c000000| Untracked 
|  79|0x000000070c200000, 0x000000070c200000, 0x000000070c400000|  0%| F|  |TAMS 0x000000070c200000, 0x000000070c200000| Untracked 
|  80|0x000000070c400000, 0x000000070c400000, 0x000000070c600000|  0%| F|  |TAMS 0x000000070c400000, 0x000000070c400000| Untracked 
|  81|0x000000070c600000, 0x000000070c600000, 0x000000070c800000|  0%| F|  |TAMS 0x000000070c600000, 0x000000070c600000| Untracked 
|  82|0x000000070c800000, 0x000000070c800000, 0x000000070ca00000|  0%| F|  |TAMS 0x000000070c800000, 0x000000070c800000| Untracked 
|  83|0x000000070ca00000, 0x000000070ca00000, 0x000000070cc00000|  0%| F|  |TAMS 0x000000070ca00000, 0x000000070ca00000| Untracked 
|  84|0x000000070cc00000, 0x000000070cc00000, 0x000000070ce00000|  0%| F|  |TAMS 0x000000070cc00000, 0x000000070cc00000| Untracked 
|  85|0x000000070ce00000, 0x000000070ce00000, 0x000000070d000000|  0%| F|  |TAMS 0x000000070ce00000, 0x000000070ce00000| Untracked 
|  86|0x000000070d000000, 0x000000070d000000, 0x000000070d200000|  0%| F|  |TAMS 0x000000070d000000, 0x000000070d000000| Untracked 
|  87|0x000000070d200000, 0x000000070d200000, 0x000000070d400000|  0%| F|  |TAMS 0x000000070d200000, 0x000000070d200000| Untracked 
|  88|0x000000070d400000, 0x000000070d400000, 0x000000070d600000|  0%| F|  |TAMS 0x000000070d400000, 0x000000070d400000| Untracked 
|  89|0x000000070d600000, 0x000000070d600000, 0x000000070d800000|  0%| F|  |TAMS 0x000000070d600000, 0x000000070d600000| Untracked 
|  90|0x000000070d800000, 0x000000070d800000, 0x000000070da00000|  0%| F|  |TAMS 0x000000070d800000, 0x000000070d800000| Untracked 
|  91|0x000000070da00000, 0x000000070da00000, 0x000000070dc00000|  0%| F|  |TAMS 0x000000070da00000, 0x000000070da00000| Untracked 
|  92|0x000000070dc00000, 0x000000070dc00000, 0x000000070de00000|  0%| F|  |TAMS 0x000000070dc00000, 0x000000070dc00000| Untracked 
|  93|0x000000070de00000, 0x000000070de00000, 0x000000070e000000|  0%| F|  |TAMS 0x000000070de00000, 0x000000070de00000| Untracked 
|  94|0x000000070e000000, 0x000000070e000000, 0x000000070e200000|  0%| F|  |TAMS 0x000000070e000000, 0x000000070e000000| Untracked 
|  95|0x000000070e200000, 0x000000070e200000, 0x000000070e400000|  0%| F|  |TAMS 0x000000070e200000, 0x000000070e200000| Untracked 
|  96|0x000000070e400000, 0x000000070e400000, 0x000000070e600000|  0%| F|  |TAMS 0x000000070e400000, 0x000000070e400000| Untracked 
|  97|0x000000070e600000, 0x000000070e600000, 0x000000070e800000|  0%| F|  |TAMS 0x000000070e600000, 0x000000070e600000| Untracked 
|  98|0x000000070e800000, 0x000000070e800000, 0x000000070ea00000|  0%| F|  |TAMS 0x000000070e800000, 0x000000070e800000| Untracked 
|  99|0x000000070ea00000, 0x000000070ea00000, 0x000000070ec00000|  0%| F|  |TAMS 0x000000070ea00000, 0x000000070ea00000| Untracked 
| 100|0x000000070ec00000, 0x000000070ec00000, 0x000000070ee00000|  0%| F|  |TAMS 0x000000070ec00000, 0x000000070ec00000| Untracked 
| 101|0x000000070ee00000, 0x000000070ee00000, 0x000000070f000000|  0%| F|  |TAMS 0x000000070ee00000, 0x000000070ee00000| Untracked 
| 102|0x000000070f000000, 0x000000070f000000, 0x000000070f200000|  0%| F|  |TAMS 0x000000070f000000, 0x000000070f000000| Untracked 
| 103|0x000000070f200000, 0x000000070f200000, 0x000000070f400000|  0%| F|  |TAMS 0x000000070f200000, 0x000000070f200000| Untracked 
| 104|0x000000070f400000, 0x000000070f400000, 0x000000070f600000|  0%| F|  |TAMS 0x000000070f400000, 0x000000070f400000| Untracked 
| 105|0x000000070f600000, 0x000000070f600000, 0x000000070f800000|  0%| F|  |TAMS 0x000000070f600000, 0x000000070f600000| Untracked 
| 106|0x000000070f800000, 0x000000070f800000, 0x000000070fa00000|  0%| F|  |TAMS 0x000000070f800000, 0x000000070f800000| Untracked 
| 107|0x000000070fa00000, 0x000000070fa00000, 0x000000070fc00000|  0%| F|  |TAMS 0x000000070fa00000, 0x000000070fa00000| Untracked 
| 108|0x000000070fc00000, 0x000000070fc00000, 0x000000070fe00000|  0%| F|  |TAMS 0x000000070fc00000, 0x000000070fc00000| Untracked 
| 109|0x000000070fe00000, 0x000000070fe00000, 0x0000000710000000|  0%| F|  |TAMS 0x000000070fe00000, 0x000000070fe00000| Untracked 
| 110|0x0000000710000000, 0x0000000710000000, 0x0000000710200000|  0%| F|  |TAMS 0x0000000710000000, 0x0000000710000000| Untracked 
| 111|0x0000000710200000, 0x0000000710200000, 0x0000000710400000|  0%| F|  |TAMS 0x0000000710200000, 0x0000000710200000| Untracked 
| 112|0x0000000710400000, 0x0000000710400000, 0x0000000710600000|  0%| F|  |TAMS 0x0000000710400000, 0x0000000710400000| Untracked 
| 113|0x0000000710600000, 0x0000000710600000, 0x0000000710800000|  0%| F|  |TAMS 0x0000000710600000, 0x0000000710600000| Untracked 
| 114|0x0000000710800000, 0x0000000710800000, 0x0000000710a00000|  0%| F|  |TAMS 0x0000000710800000, 0x0000000710800000| Untracked 
| 115|0x0000000710a00000, 0x0000000710a00000, 0x0000000710c00000|  0%| F|  |TAMS 0x0000000710a00000, 0x0000000710a00000| Untracked 
| 116|0x0000000710c00000, 0x0000000710c00000, 0x0000000710e00000|  0%| F|  |TAMS 0x0000000710c00000, 0x0000000710c00000| Untracked 
| 117|0x0000000710e00000, 0x0000000710e00000, 0x0000000711000000|  0%| F|  |TAMS 0x0000000710e00000, 0x0000000710e00000| Untracked 
| 118|0x0000000711000000, 0x0000000711000000, 0x0000000711200000|  0%| F|  |TAMS 0x0000000711000000, 0x0000000711000000| Untracked 
| 119|0x0000000711200000, 0x0000000711200000, 0x0000000711400000|  0%| F|  |TAMS 0x0000000711200000, 0x0000000711200000| Untracked 
| 120|0x0000000711400000, 0x0000000711400000, 0x0000000711600000|  0%| F|  |TAMS 0x0000000711400000, 0x0000000711400000| Untracked 
| 121|0x0000000711600000, 0x0000000711600000, 0x0000000711800000|  0%| F|  |TAMS 0x0000000711600000, 0x0000000711600000| Untracked 
| 122|0x0000000711800000, 0x0000000711800000, 0x0000000711a00000|  0%| F|  |TAMS 0x0000000711800000, 0x0000000711800000| Untracked 
| 123|0x0000000711a00000, 0x0000000711a00000, 0x0000000711c00000|  0%| F|  |TAMS 0x0000000711a00000, 0x0000000711a00000| Untracked 
| 124|0x0000000711c00000, 0x0000000711c00000, 0x0000000711e00000|  0%| F|  |TAMS 0x0000000711c00000, 0x0000000711c00000| Untracked 
| 125|0x0000000711e00000, 0x0000000711ee27f0, 0x0000000712000000| 44%| E|  |TAMS 0x0000000711e00000, 0x0000000711e00000| Complete 
| 126|0x0000000712000000, 0x0000000712200000, 0x0000000712200000|100%| E|CS|TAMS 0x0000000712000000, 0x0000000712000000| Complete 

Card table byte_map: [0x000001eaee340000,0x000001eaeeb30000] _byte_map_base: 0x000001eaeab2e000

Marking Bits (Prev, Next): (CMBitMap*) 0x000001eadb1247c0, (CMBitMap*) 0x000001eadb124800
 Prev Bits: [0x000001eaef320000, 0x000001eaf3290000)
 Next Bits: [0x000001eaf3290000, 0x000001eaf7200000)

Polling page: 0x000001eada860000

Metaspace:

Usage:
  Non-class:      7.12 MB used.
      Class:    695.23 KB used.
       Both:      7.80 MB used.

Virtual space:
  Non-class space:       64.00 MB reserved,       7.19 MB ( 11%) committed,  1 nodes.
      Class space:        1.00 GB reserved,     768.00 KB ( <1%) committed,  1 nodes.
             Both:        1.06 GB reserved,       7.94 MB ( <1%) committed. 

Chunk freelists:
   Non-Class:  8.50 MB
       Class:  15.24 MB
        Both:  23.74 MB

MaxMetaspaceSize: unlimited
CompressedClassSpaceSize: 1.00 GB
Initial GC threshold: 21.00 MB
Current GC threshold: 21.00 MB
CDS: off
MetaspaceReclaimPolicy: balanced
 - commit_granule_bytes: 65536.
 - commit_granule_words: 8192.
 - virtual_space_node_default_size: 8388608.
 - enlarge_chunks_in_place: 1.
 - new_chunks_are_fully_committed: 0.
 - uncommit_free_chunks: 1.
 - use_allocation_guard: 0.
 - handle_deallocations: 1.


Internal statistics:

num_allocs_failed_limit: 0.
num_arena_births: 8.
num_arena_deaths: 0.
num_vsnodes_births: 2.
num_vsnodes_deaths: 0.
num_space_committed: 127.
num_space_uncommitted: 0.
num_chunks_returned_to_freelist: 0.
num_chunks_taken_from_freelist: 31.
num_chunk_merges: 0.
num_chunk_splits: 14.
num_chunks_enlarged: 5.
num_inconsistent_stats: 0.

CodeHeap 'non-profiled nmethods': size=120000Kb used=53Kb max_used=53Kb free=119946Kb
 bounds [0x000001eae62f0000, 0x000001eae6560000, 0x000001eaed820000]
CodeHeap 'profiled nmethods': size=120000Kb used=241Kb max_used=241Kb free=119758Kb
 bounds [0x000001eade820000, 0x000001eadea90000, 0x000001eae5d50000]
CodeHeap 'non-nmethods': size=5760Kb used=1125Kb max_used=1129Kb free=4634Kb
 bounds [0x000001eae5d50000, 0x000001eae5fc0000, 0x000001eae62f0000]
 total_blobs=599 nmethods=191 adapters=321
 compilation: enabled
              stopped_count=0, restarted_count=0
 full_count=0

Compilation events (20 events):
Event: 0.176 Thread 0x000001eafe0c8c20 nmethod 175 0x000001eae62fb190 code [0x000001eae62fb320, 0x000001eae62fb3f8]
Event: 0.179 Thread 0x000001eafe0c4540 nmethod 163 0x000001eae62fb490 code [0x000001eae62fb620, 0x000001eae62fb958]
Event: 0.180 Thread 0x000001eafe0c8c20  177       3       java.lang.invoke.MethodTypeForm::canonicalize (74 bytes)
Event: 0.181 Thread 0x000001eafe0c8c20 nmethod 177 0x000001eade859790 code [0x000001eade8599c0, 0x000001eade85a0b8]
Event: 0.181 Thread 0x000001eafe0c8c20  179       3       java.lang.invoke.MemberName::testFlags (16 bytes)
Event: 0.182 Thread 0x000001eafe0c8c20 nmethod 179 0x000001eade85a310 code [0x000001eade85a4a0, 0x000001eade85a618]
Event: 0.184 Thread 0x000001eafe0c8c20  181   !   3       java.lang.ref.ReferenceQueue::poll (28 bytes)
Event: 0.185 Thread 0x000001eafe0c8c20 nmethod 181 0x000001eade85a690 code [0x000001eade85a840, 0x000001eade85aac8]
Event: 0.189 Thread 0x000001eafe0c8c20  183       3       java.lang.invoke.MethodType::hashCode (53 bytes)
Event: 0.189 Thread 0x000001eafe0c8c20 nmethod 183 0x000001eade85ac10 code [0x000001eade85adc0, 0x000001eade85b158]
Event: 0.189 Thread 0x000001eafe0c8c20  184       1       java.lang.invoke.MemberName::getDeclaringClass (5 bytes)
Event: 0.189 Thread 0x000001eafe0c8c20 nmethod 184 0x000001eae62fc710 code [0x000001eae62fc8a0, 0x000001eae62fc978]
Event: 0.189 Thread 0x000001eafe0c8c20  185       3       java.lang.invoke.MemberName::isInvocable (8 bytes)
Event: 0.189 Thread 0x000001eafe0c8c20 nmethod 185 0x000001eade85b310 code [0x000001eade85b4c0, 0x000001eade85b758]
Event: 0.189 Thread 0x000001eafe0c8c20  186       3       java.lang.invoke.MemberName::testAnyFlags (15 bytes)
Event: 0.189 Thread 0x000001eafe0c8c20 nmethod 186 0x000001eade85b890 code [0x000001eade85ba40, 0x000001eade85bc78]
Event: 0.189 Thread 0x000001eafe0c8c20  187       3       java.lang.invoke.MethodType$ConcurrentWeakInternSet::expungeStaleElements (27 bytes)
Event: 0.190 Thread 0x000001eafe0c8c20 nmethod 187 0x000001eade85bd10 code [0x000001eade85bf00, 0x000001eade85c438]
Event: 0.190 Thread 0x000001eafe0c8c20  189       1       java.lang.invoke.MethodType::ptypes (5 bytes)
Event: 0.190 Thread 0x000001eafe0c8c20 nmethod 189 0x000001eae62fd010 code [0x000001eae62fd1a0, 0x000001eae62fd278]

GC Heap History (0 events):
No events

Dll operation events (1 events):
Event: 0.009 Loaded shared library C:\Program Files\JetBrains\IntelliJ IDEA 2022.1\jbr\bin\java.dll

Deoptimization events (0 events):
No events

Classes unloaded (0 events):
No events

Classes redefined (0 events):
No events

Internal exceptions (0 events):
No events

VM Operations (4 events):
Event: 0.113 Executing VM operation: HandshakeAllThreads
Event: 0.113 Executing VM operation: HandshakeAllThreads done
Event: 0.127 Executing VM operation: HandshakeAllThreads
Event: 0.127 Executing VM operation: HandshakeAllThreads done

Events (20 events):
Event: 0.193 loading class java/time/Duration done
Event: 0.193 loading class java/time/temporal/ValueRange
Event: 0.193 loading class java/time/temporal/ValueRange done
Event: 0.194 loading class java/time/LocalTime
Event: 0.194 loading class java/time/LocalTime done
Event: 0.194 loading class java/time/zone/ZoneOffsetTransition
Event: 0.194 loading class java/time/zone/ZoneOffsetTransition done
Event: 0.194 loading class java/util/Collections$SingletonList
Event: 0.194 loading class java/util/Collections$SingletonList done
Event: 0.194 loading class java/time/Instant
Event: 0.194 loading class java/time/Instant done
Event: 0.194 loading class java/security/CryptoPrimitive
Event: 0.194 loading class java/security/CryptoPrimitive done
Event: 0.194 loading class java/util/EnumSet
Event: 0.194 loading class java/util/EnumSet done
Event: 0.195 loading class java/util/RegularEnumSet
Event: 0.195 loading class java/util/RegularEnumSet done
Event: 0.195 loading class sun/security/ssl/CipherSuite
Event: 0.195 loading class sun/security/ssl/CipherSuite done
Event: 0.196 loading class sun/security/ssl/SSLCipher


Dynamic libraries:
0x00007ff7aabc0000 - 0x00007ff7aabca000 	C:\Program Files\JetBrains\IntelliJ IDEA 2022.1\jbr\bin\java.exe
0x00007ffe2d550000 - 0x00007ffe2d767000 	C:\WINDOWS\SYSTEM32\ntdll.dll
0x00007ffe2b590000 - 0x00007ffe2b654000 	C:\WINDOWS\System32\KERNEL32.DLL
0x00007ffe2a880000 - 0x00007ffe2ac27000 	C:\WINDOWS\System32\KERNELBASE.dll
0x00007ffe27240000 - 0x00007ffe272d7000 	C:\WINDOWS\SYSTEM32\apphelp.dll
0x00007ffe2b080000 - 0x00007ffe2b191000 	C:\WINDOWS\System32\ucrtbase.dll
0x00007ffdfe080000 - 0x00007ffdfe097000 	C:\Program Files\JetBrains\IntelliJ IDEA 2022.1\jbr\bin\jli.dll
0x00007ffdfde20000 - 0x00007ffdfde3b000 	C:\Program Files\JetBrains\IntelliJ IDEA 2022.1\jbr\bin\VCRUNTIME140.dll
0x00007ffe2d0e0000 - 0x00007ffe2d28d000 	C:\WINDOWS\System32\USER32.dll
0x00007ffe166f0000 - 0x00007ffe16983000 	C:\WINDOWS\WinSxS\amd64_microsoft.windows.common-controls_6595b64144ccf1df_6.0.23620.1000_none_eeb29d76f9356536\COMCTL32.dll
0x00007ffe2af30000 - 0x00007ffe2af56000 	C:\WINDOWS\System32\win32u.dll
0x00007ffe2cc40000 - 0x00007ffe2cce7000 	C:\WINDOWS\System32\msvcrt.dll
0x00007ffe2d4a0000 - 0x00007ffe2d4c9000 	C:\WINDOWS\System32\GDI32.dll
0x00007ffe2af60000 - 0x00007ffe2b078000 	C:\WINDOWS\System32\gdi32full.dll
0x00007ffe2ada0000 - 0x00007ffe2ae3a000 	C:\WINDOWS\System32\msvcp_win.dll
0x00007ffe2b920000 - 0x00007ffe2b951000 	C:\WINDOWS\System32\IMM32.DLL
0x00007ffe1ee40000 - 0x00007ffe1ee4c000 	C:\Program Files\JetBrains\IntelliJ IDEA 2022.1\jbr\bin\vcruntime140_1.dll
0x00007ffdf9ef0000 - 0x00007ffdf9f7d000 	C:\Program Files\JetBrains\IntelliJ IDEA 2022.1\jbr\bin\msvcp140.dll
0x00007ffdb0cb0000 - 0x00007ffdb1932000 	C:\Program Files\JetBrains\IntelliJ IDEA 2022.1\jbr\bin\server\jvm.dll
0x00007ffe2b4b0000 - 0x00007ffe2b561000 	C:\WINDOWS\System32\ADVAPI32.dll
0x00007ffe2d290000 - 0x00007ffe2d335000 	C:\WINDOWS\System32\sechost.dll
0x00007ffe2b260000 - 0x00007ffe2b377000 	C:\WINDOWS\System32\RPCRT4.dll
0x00007ffe27010000 - 0x00007ffe27019000 	C:\WINDOWS\SYSTEM32\WSOCK32.dll
0x00007ffe08460000 - 0x00007ffe08494000 	C:\WINDOWS\SYSTEM32\WINMM.dll
0x00007ffe2a0c0000 - 0x00007ffe2a10d000 	C:\WINDOWS\SYSTEM32\POWRPROF.dll
0x00007ffe23ea0000 - 0x00007ffe23eaa000 	C:\WINDOWS\SYSTEM32\VERSION.dll
0x00007ffe2b6c0000 - 0x00007ffe2b731000 	C:\WINDOWS\System32\WS2_32.dll
0x00007ffe2a0a0000 - 0x00007ffe2a0b3000 	C:\WINDOWS\SYSTEM32\UMPDC.dll
0x00007ffe29840000 - 0x00007ffe29858000 	C:\WINDOWS\SYSTEM32\kernel.appcore.dll
0x00007ffe27c50000 - 0x00007ffe27c5a000 	C:\Program Files\JetBrains\IntelliJ IDEA 2022.1\jbr\bin\jimage.dll
0x00007ffe28120000 - 0x00007ffe28353000 	C:\WINDOWS\SYSTEM32\DBGHELP.DLL
0x00007ffe2b960000 - 0x00007ffe2bce9000 	C:\WINDOWS\System32\combase.dll
0x00007ffe2b840000 - 0x00007ffe2b917000 	C:\WINDOWS\System32\OLEAUT32.dll
0x00007ffe1ee70000 - 0x00007ffe1eea2000 	C:\WINDOWS\SYSTEM32\dbgcore.DLL
0x00007ffe2aeb0000 - 0x00007ffe2af2a000 	C:\WINDOWS\System32\bcryptPrimitives.dll
0x00007ffe1e6f0000 - 0x00007ffe1e715000 	C:\Program Files\JetBrains\IntelliJ IDEA 2022.1\jbr\bin\java.dll
0x00007ffe27020000 - 0x00007ffe27038000 	C:\Program Files\JetBrains\IntelliJ IDEA 2022.1\jbr\bin\zip.dll
0x00007ffe2c3e0000 - 0x00007ffe2cc39000 	C:\WINDOWS\System32\SHELL32.dll
0x00007ffe28730000 - 0x00007ffe29041000 	C:\WINDOWS\SYSTEM32\windows.storage.dll
0x00007ffe28490000 - 0x00007ffe285ce000 	C:\WINDOWS\SYSTEM32\wintypes.dll
0x00007ffe2c2e0000 - 0x00007ffe2c3d3000 	C:\WINDOWS\System32\SHCORE.dll
0x00007ffe2b660000 - 0x00007ffe2b6be000 	C:\WINDOWS\System32\shlwapi.dll
0x00007ffe2a7b0000 - 0x00007ffe2a7d6000 	C:\WINDOWS\SYSTEM32\profapi.dll
0x00007ffe07c30000 - 0x00007ffe07c49000 	C:\Program Files\JetBrains\IntelliJ IDEA 2022.1\jbr\bin\net.dll
0x00007ffe1e170000 - 0x00007ffe1e2a7000 	C:\WINDOWS\SYSTEM32\WINHTTP.dll
0x00007ffe29cc0000 - 0x00007ffe29d29000 	C:\WINDOWS\system32\mswsock.dll
0x00007ffdfe2d0000 - 0x00007ffdfe2e6000 	C:\Program Files\JetBrains\IntelliJ IDEA 2022.1\jbr\bin\nio.dll

dbghelp: loaded successfully - version: 4.0.5 - missing functions: none
symbol engine: initialized successfully - sym options: 0x614 - pdb path: .;C:\Program Files\JetBrains\IntelliJ IDEA 2022.1\jbr\bin;C:\WINDOWS\SYSTEM32;C:\WINDOWS\WinSxS\amd64_microsoft.windows.common-controls_6595b64144ccf1df_6.0.23620.1000_none_eeb29d76f9356536;C:\Program Files\JetBrains\IntelliJ IDEA 2022.1\jbr\bin\server

VM Arguments:
java_command: git4idea.http.GitAskPassApp Username for 'https://github.com': 
java_class_path (initial): C:/Program Files/JetBrains/IntelliJ IDEA 2022.1/plugins/vcs-git/lib/git4idea-rt.jar;C:/Program Files/JetBrains/IntelliJ IDEA 2022.1/lib/externalProcess-rt.jar
Launcher Type: SUN_STANDARD

[Global flags]
     intx CICompilerCount                          = 4                                         {product} {ergonomic}
     uint ConcGCThreads                            = 2                                         {product} {ergonomic}
     uint G1ConcRefinementThreads                  = 8                                         {product} {ergonomic}
   size_t G1HeapRegionSize                         = 2097152                                   {product} {ergonomic}
    uintx GCDrainStackTargetSize                   = 64                                        {product} {ergonomic}
   size_t InitialHeapSize                          = 266338304                                 {product} {ergonomic}
   size_t MarkStackSize                            = 4194304                                   {product} {ergonomic}
   size_t MaxHeapSize                              = 4257218560                                {product} {ergonomic}
   size_t MaxNewSize                               = 2554331136                                {product} {ergonomic}
   size_t MinHeapDeltaBytes                        = 2097152                                   {product} {ergonomic}
   size_t MinHeapSize                              = 8388608                                   {product} {ergonomic}
    uintx NonNMethodCodeHeapSize                   = 5839372                                {pd product} {ergonomic}
    uintx NonProfiledCodeHeapSize                  = 122909434                              {pd product} {ergonomic}
    uintx ProfiledCodeHeapSize                     = 122909434                              {pd product} {ergonomic}
    uintx ReservedCodeCacheSize                    = 251658240                              {pd product} {ergonomic}
     bool SegmentedCodeCache                       = true                                      {product} {ergonomic}
   size_t SoftMaxHeapSize                          = 4257218560                             {manageable} {ergonomic}
     bool UseCompressedClassPointers               = true                           {product lp64_product} {ergonomic}
     bool UseCompressedOops                        = true                           {product lp64_product} {ergonomic}
     bool UseG1GC                                  = true                                      {product} {ergonomic}
     bool UseLargePagesIndividualAllocation        = false                                  {pd product} {ergonomic}

Logging:
Log output configuration:
 #0: stdout all=warning uptime,level,tags
 #1: stderr all=off uptime,level,tags

Environment Variables:
PATH=C:\Program Files\Git\mingw64\libexec\git-core;C:\Program Files\Git\mingw64\libexec\git-core;C:\Program Files\Git\mingw64\bin;C:\Program Files\Git\usr\bin;C:\Users\vijay\bin;V:\Work\Python100Days\MagicNeutron\Scripts;C:\WINDOWS\system32;C:\WINDOWS;C:\WINDOWS\System32\Wbem;C:\WINDOWS\System32\WindowsPowerShell\v1.0;C:\WINDOWS\System32\OpenSSH;C:\Program Files\dotnet;C:\Program Files (x86)\dotnet;C:\Program Files\Microsoft SQL Server\Client SDK\ODBC\170\Tools\Binn;C:\Program Files (x86)\Microsoft SQL Server\150\Tools\Binn;C:\Program Files\Microsoft SQL Server\150\Tools\Binn;C:\Program Files\Microsoft SQL Server\150\DTS\Binn;C:\Program Files\Azure Data Studio\bin;C:\Program Files (x86)\Microsoft SQL Server\160\DTS\Binn;C:\Program Files\Pandoc;C:\Program Files\Git\cmd;C:\Users\vijay\AppData\Local\Programs\Python\Python310\Scripts;C:\Users\vijay\AppData\Local\Programs\Python\Python310;C:\Users\vijay\AppData\Local\Microsoft\WindowsApps;C:\Program Files\JetBrains\IntelliJ IDEA 2022.1\bin;C:\Program Files\Azure Data Studio\bin;C:\Users\vijay\AppData\Local\Programs\MiKTeX\miktex\bin\x64;C:\Users\vijay\AppData\Local\Programs\Microsoft VS Code\bin
USERNAME=vijay
DISPLAY=:0.0
LC_ALL=en_US.UTF-8
TERM=xterm-256color
TMPDIR=C:\Users\vijay\AppData\Local\Temp
OS=Windows_NT
PROCESSOR_IDENTIFIER=Intel64 Family 6 Model 158 Stepping 13, GenuineIntel
TMP=C:\Users\vijay\AppData\Local\Temp
TEMP=C:\Users\vijay\AppData\Local\Temp



Periodic native trim disabled

JNI global refs:
JNI global refs: 8, weak refs: 0

JNI global refs memory usage: 843, weak refs: 209

OOME stack traces (most recent first):
Classloader memory used:
Loader bootstrap                                                                       : 992K
Loader jdk.internal.loader.ClassLoaders$PlatformClassLoader                            : 3630B
Loader jdk.internal.loader.ClassLoaders$AppClassLoader                                 : 1808B


---------------  S Y S T E M  ---------------

OS:
 Windows 11 , 64 bit Build 23620 (10.0.23620.1000)
OS uptime: 3 days 5:43 hours
Hyper-V role detected

CPU: total 8 (initial active 8) (4 cores per cpu, 2 threads per core) family 6 model 158 stepping 13 microcode 0xf0, cx8, cmov, fxsr, ht, mmx, 3dnowpref, sse, sse2, sse3, ssse3, sse4.1, sse4.2, popcnt, lzcnt, tsc, tscinvbit, avx, avx2, aes, erms, clmul, bmi1, bmi2, adx, fma, vzeroupper, clflush, clflushopt, hv
Processor Information for all 8 processors :
  Max Mhz: 2400, Current Mhz: 2400, Mhz Limit: 2400

Memory: 4k page, system-wide physical 16236M (4710M free)
TotalPageFile size 65388M (AvailPageFile size 1M)
current process WorkingSet (physical memory assigned to process): 41M, peak: 41M
current process commit charge ("private bytes"): 339M, peak: 340M

vm_info: OpenJDK 64-Bit Server VM (17.0.9+7-b1087.11) for windows-amd64 JRE (17.0.9+7-b1087.11), built on 2024-01-05 by "builduser" with MS VC++ 16.10 / 16.11 (VS2019)

END.
